-------------------------------------------------------------------------------
Test set: pack.DefinitionTestSuite
-------------------------------------------------------------------------------
Tests run: 2, Failures: 0, Errors: 2, Skipped: 0, Time elapsed: 7.197 sec <<< FAILURE! - in pack.DefinitionTestSuite
Looking up the definition of 'apple'(Lookup a definition)  Time elapsed: 1.099 sec  <<< ERROR!
net.thucydides.core.webdriver.UnsupportedDriverException: Could not instantiate class org.openqa.selenium.chrome.ChromeDriver
Caused by: net.thucydides.core.webdriver.UnsupportedDriverException: Could not instantiate new WebDriver instance of type class org.openqa.selenium.chrome.ChromeDriver (The path to the chromedriver driver executable must be set by the webdriver.chrome.driver system property; for more information, see https://sites.google.com/a/chromium.org/chromedriver/downloads. The latest version can be downloaded from https://sites.google.com/a/chromium.org/chromedriver/downloads
Caused by: java.lang.IllegalStateException: The path to the chromedriver driver executable must be set by the webdriver.chrome.driver system property; for more information, see https://sites.google.com/a/chromium.org/chromedriver/downloads. The latest version can be downloaded from https://sites.google.com/a/chromium.org/chromedriver/downloads

Looking up the definition of 'pear'(Lookup a definition)  Time elapsed: 0.052 sec  <<< ERROR!
net.thucydides.core.webdriver.UnsupportedDriverException: Could not instantiate class org.openqa.selenium.chrome.ChromeDriver
Caused by: net.thucydides.core.webdriver.UnsupportedDriverException: Could not instantiate new WebDriver instance of type class org.openqa.selenium.chrome.ChromeDriver (The path to the chromedriver driver executable must be set by the webdriver.chrome.driver system property; for more information, see https://sites.google.com/a/chromium.org/chromedriver/downloads. The latest version can be downloaded from https://sites.google.com/a/chromium.org/chromedriver/downloads
Caused by: java.lang.IllegalStateException: The path to the chromedriver driver executable must be set by the webdriver.chrome.driver system property; for more information, see https://sites.google.com/a/chromium.org/chromedriver/downloads. The latest version can be downloaded from https://sites.google.com/a/chromium.org/chromedriver/downloads

