<?xml version="1.0" encoding="UTF-8"?><testsuite errors="2" failures="0" name="Lookup a definition" skipped="0" tests="2" time="1.61" timestamp="2018-05-18T18:51:00.343+05:30[Asia/Calcutta]"><testcase name="Looking up the definition of 'apple'"><error message="Could not instantiate new WebDriver instance of type class org.openqa.selenium.chrome.ChromeDriver (The path to the chromedriver driver executable must be set by the webdriver.chrome.driver system property; for more information, see https://sites.google.com/a/chromium.org/chromedriver/downloads. The latest version can be downloaded from https://sites.google.com/a/chromium.org/chromedriver/downloads" type="net.thucydides.core.webdriver.UnsupportedDriverException">Could not instantiate new WebDriver instance of type class org.openqa.selenium.chrome.ChromeDriver (The path to the chromedriver driver executable must be set by the webdriver.chrome.driver system property; for more information, see https://sites.google.com/a/chromium.org/chromedriver/downloads. The latest version can be downloaded from https://sites.google.com/a/chromium.org/chromedriver/downloads</error><system-err>Could not instantiate new WebDriver instance of type class org.openqa.selenium.chrome.ChromeDriver (The path to the chromedriver driver executable must be set by the webdriver.chrome.driver system property; for more information, see https://sites.google.com/a/chromium.org/chromedriver/downloads. The latest version can be downloaded from https://sites.google.com/a/chromium.org/chromedriver/downloads&#13;
pack.steps.serenity.EndUserSteps.is_the_home_page(EndUserSteps.java:32)&#13;
pack.steps.DefinitionSteps.givenTheUserIsOnTheWikionaryHomePage(DefinitionSteps.java:17)&#13;
cucumber.runner.Runner.runPickle(Runner.java:80)&#13;
</system-err></testcase><testcase name="Looking up the definition of 'pear'"><error message="Could not instantiate new WebDriver instance of type class org.openqa.selenium.chrome.ChromeDriver (The path to the chromedriver driver executable must be set by the webdriver.chrome.driver system property; for more information, see https://sites.google.com/a/chromium.org/chromedriver/downloads. The latest version can be downloaded from https://sites.google.com/a/chromium.org/chromedriver/downloads" type="net.thucydides.core.webdriver.UnsupportedDriverException">Could not instantiate new WebDriver instance of type class org.openqa.selenium.chrome.ChromeDriver (The path to the chromedriver driver executable must be set by the webdriver.chrome.driver system property; for more information, see https://sites.google.com/a/chromium.org/chromedriver/downloads. The latest version can be downloaded from https://sites.google.com/a/chromium.org/chromedriver/downloads</error><system-err>Could not instantiate new WebDriver instance of type class org.openqa.selenium.chrome.ChromeDriver (The path to the chromedriver driver executable must be set by the webdriver.chrome.driver system property; for more information, see https://sites.google.com/a/chromium.org/chromedriver/downloads. The latest version can be downloaded from https://sites.google.com/a/chromium.org/chromedriver/downloads&#13;
pack.steps.serenity.EndUserSteps.is_the_home_page(EndUserSteps.java:32)&#13;
pack.steps.DefinitionSteps.givenTheUserIsOnTheWikionaryHomePage(DefinitionSteps.java:17)&#13;
cucumber.runner.Runner.runPickle(Runner.java:80)&#13;
</system-err></testcase></testsuite>